[07:56:47] [ServerMain/INFO]: [bootstrap] Running Java 21 (Java HotSpot(TM) 64-Bit Server VM 21.0.10+8-LTS-217; Oracle Corporation null) on Windows 11 10.0 (amd64)
[07:56:47] [ServerMain/INFO]: [bootstrap] Loading Paper 1.21.11-69-main@94d0c97 (2025-12-30T20:33:30Z) for Minecraft 1.21.11
[07:56:48] [ServerMain/INFO]: [PluginInitializerManager] Initializing plugins...
[07:56:50] [ServerMain/INFO]: [PluginInitializerManager] Initialized 22 plugins
[07:56:50] [ServerMain/INFO]: [PluginInitializerManager] Paper plugins (16):
 - vane-admin (1.21.0), vane-admin (1.21.1), vane-bedtime (1.21.0), vane-bedtime (1.21.1), vane-core (1.21.0), vane-core (1.21.1), vane-enchantments (1.21.0), vane-enchantments (1.21.1), vane-permissions (1.21.0), vane-permissions (1.21.1), vane-portals (1.21.0), vane-portals (1.21.1), vane-regions (1.21.0), vane-regions (1.21.1), vane-trifles (1.21.0), vane-trifles (1.21.1)
[07:56:50] [ServerMain/INFO]: [PluginInitializerManager] Bukkit plugins (6):
 - AuraSkills (2.3.11), Essentials (2.21.2), EssentialsChat (2.21.2), EssentialsSpawn (2.21.2), ProtocolLib (5.4.0), SkinsRestorer (15.11.1)
[07:56:50] [ServerMain/ERROR]: [ModernPluginLoadingStrategy] Ambiguous plugin name 'vane-enchantments' for files 'plugins\vane-enchantments-1.21.1.jar' and 'plugins\vane-enchantments-1.21.0.jar' in 'plugins'
[07:56:58] [ServerMain/INFO]: Environment: Environment[sessionHost=https://sessionserver.mojang.com, servicesHost=https://api.minecraftservices.com, profilesHost=https://api.mojang.com, name=PROD]
[07:57:01] [ServerMain/INFO]: Loaded 1470 recipes
[07:57:01] [ServerMain/INFO]: Loaded 1584 advancements
[07:57:01] [ServerMain/INFO]: [ca.spottedleaf.dataconverter.minecraft.datatypes.MCTypeRegistry] Initialising converters for DataConverter...
[07:57:02] [ServerMain/INFO]: [ca.spottedleaf.dataconverter.minecraft.datatypes.MCTypeRegistry] Finished initialising converters for DataConverter in 670.5ms
[07:57:02] [Server thread/INFO]: Starting minecraft server version 1.21.11
[07:57:02] [Server thread/INFO]: Loading properties
[07:57:02] [Server thread/INFO]: This server is running Paper version 1.21.11-69-main@94d0c97 (2025-12-30T20:33:30Z) (Implementing API version 1.21.11-R0.1-SNAPSHOT)
[07:57:02] [Server thread/INFO]: [spark] This server bundles the spark profiler. For more information please visit https://docs.papermc.io/paper/profiling
[07:57:02] [Server thread/INFO]: Server Ping Player Sample Count: 12
[07:57:02] [Server thread/INFO]: Using 4 threads for Netty based IO
[07:57:02] [Server thread/INFO]: [MoonriseCommon] Paper is using 5 worker threads, 1 I/O threads
[07:57:03] [Server thread/INFO]: Default game type: SURVIVAL
[07:57:03] [Server thread/INFO]: Generating keypair
[07:57:03] [Server thread/INFO]: Starting Minecraft server on *:25565
[07:57:03] [Server thread/INFO]: Paper: Using Java compression from Velocity.
[07:57:03] [Server thread/INFO]: Paper: Using Java cipher from Velocity.
[07:57:03] [Server thread/ERROR]: [ModernPluginLoadingStrategy] Ambiguous plugin name 'vane-admin' for files 'plugins\vane-admin-1.21.1.jar' and 'plugins\vane-admin-1.21.0.jar' in 'plugins'
[07:57:03] [Server thread/ERROR]: [ModernPluginLoadingStrategy] Ambiguous plugin name 'vane-bedtime' for files 'plugins\vane-bedtime-1.21.1.jar' and 'plugins\vane-bedtime-1.21.0.jar' in 'plugins'
[07:57:03] [Server thread/ERROR]: [ModernPluginLoadingStrategy] Ambiguous plugin name 'vane-core' for files 'plugins\vane-core-1.21.1.jar' and 'plugins\vane-core-1.21.0.jar' in 'plugins'
[07:57:03] [Server thread/ERROR]: [ModernPluginLoadingStrategy] Ambiguous plugin name 'vane-permissions' for files 'plugins\vane-permissions-1.21.1.jar' and 'plugins\vane-permissions-1.21.0.jar' in 'plugins'
[07:57:03] [Server thread/ERROR]: [ModernPluginLoadingStrategy] Ambiguous plugin name 'vane-portals' for files 'plugins\vane-portals-1.21.1.jar' and 'plugins\vane-portals-1.21.0.jar' in 'plugins'
[07:57:03] [Server thread/ERROR]: [ModernPluginLoadingStrategy] Ambiguous plugin name 'vane-regions' for files 'plugins\vane-regions-1.21.1.jar' and 'plugins\vane-regions-1.21.0.jar' in 'plugins'
[07:57:03] [Server thread/ERROR]: [ModernPluginLoadingStrategy] Ambiguous plugin name 'vane-trifles' for files 'plugins\vane-trifles-1.21.1.jar' and 'plugins\vane-trifles-1.21.0.jar' in 'plugins'
[07:57:04] [Server thread/INFO]: [vane-core] Loading head library...
[07:57:05] [Server thread/INFO]: [ProtocolLib] Loading server plugin ProtocolLib v5.4.0
[07:57:05] [Server thread/WARN]: [ProtocolLib] Version (MC: 1.21.11) has not yet been tested! Proceed with caution.
[07:57:06] [Server thread/INFO]: [vane-core] Loading server plugin vane-core v1.21.1
[07:57:06] [Server thread/INFO]: [vane-regions] Loading server plugin vane-regions v1.21.1
[07:57:06] [Server thread/INFO]: [Essentials] Loading server plugin Essentials v2.21.2
[07:57:06] [Server thread/INFO]: [vane-trifles] Loading server plugin vane-trifles v1.21.1
[07:57:06] [Server thread/INFO]: [vane-portals] Loading server plugin vane-portals v1.21.1
[07:57:06] [Server thread/INFO]: [vane-permissions] Loading server plugin vane-permissions v1.21.1
[07:57:06] [Server thread/INFO]: [vane-enchantments] Loading server plugin vane-enchantments v1.21.1
[07:57:06] [Server thread/INFO]: [vane-bedtime] Loading server plugin vane-bedtime v1.21.1
[07:57:06] [Server thread/INFO]: [vane-admin] Loading server plugin vane-admin v1.21.1
[07:57:06] [Server thread/INFO]: [SkinsRestorer] Loading server plugin SkinsRestorer v15.11.1
[07:57:06] [Server thread/INFO]: [EssentialsSpawn] Loading server plugin EssentialsSpawn v2.21.2
[07:57:06] [Server thread/INFO]: [EssentialsChat] Loading server plugin EssentialsChat v2.21.2
[07:57:06] [Server thread/INFO]: [AuraSkills] Loading server plugin AuraSkills v2.3.11
[07:57:06] [Server thread/INFO]: Server permissions file permissions.yml is empty, ignoring it
[07:57:06] [Server thread/INFO]: [ProtocolLib] Enabling ProtocolLib v5.4.0
[07:57:06] [Server thread/INFO]: [vane-core] Enabling vane-core v1.21.1
[07:57:06] [Server thread/INFO]: [vane-core] Serving official vane resource pack
[07:57:06] [Server thread/INFO]: [vane-core] Distributing resource pack from 'https://oddlama.github.io/vane/resourcepacks/v1.21.1.zip' with sha1 033e3cdf7e78a1c68acd7c2eef48678c663ed44f
[07:57:06] [Server thread/INFO]: [vane-regions] Enabling vane-regions v1.21.1
[07:57:07] [Server thread/INFO]: [vane-trifles] Enabling vane-trifles v1.21.1
[07:57:08] [Server thread/INFO]: [vane-portals] Enabling vane-portals v1.21.1
[07:57:08] [Server thread/INFO]: [vane-permissions] Enabling vane-permissions v1.21.1
[07:57:08] [Server thread/INFO]: [vane-enchantments] Enabling vane-enchantments v1.21.1
[07:57:08] [Server thread/INFO]: [vane-bedtime] Enabling vane-bedtime v1.21.1
[07:57:09] [Server thread/INFO]: [vane-admin] Enabling vane-admin v1.21.1
[07:57:09] [Server thread/INFO]: [SkinsRestorer] Enabling SkinsRestorer v15.11.1
[07:57:11] [Server thread/INFO]: [SkinsRestorer] Running on Minecraft 1.21.11.
[07:57:11] [Server thread/INFO]: [SkinsRestorer] Using paper join listener!
[07:57:11] [Server thread/WARN]: **** SERVER IS RUNNING IN OFFLINE/INSECURE MODE!
[07:57:11] [Server thread/WARN]: The server will make no attempt to authenticate usernames. Beware.
[07:57:11] [Server thread/WARN]: While this makes the game possible to play without internet access, it also opens up the ability for hackers to connect with any username they choose.
[07:57:11] [Server thread/WARN]: To change this, set "online-mode" to "true" in the server.properties file.
[07:57:11] [Server thread/INFO]: Preparing level "world"
[07:57:12] [Folia Async Scheduler Thread #1/INFO]: [SkinsRestorer] ----------------------------------------------
[07:57:12] [Folia Async Scheduler Thread #1/INFO]: [SkinsRestorer]     +==================+
[07:57:12] [Folia Async Scheduler Thread #1/INFO]: [SkinsRestorer]     |   SkinsRestorer  |
[07:57:12] [Folia Async Scheduler Thread #1/INFO]: [SkinsRestorer]     |------------------|
[07:57:12] [Folia Async Scheduler Thread #1/INFO]: [SkinsRestorer]     |  Standalone Mode |
[07:57:12] [Folia Async Scheduler Thread #1/INFO]: [SkinsRestorer]     +==================+
[07:57:12] [Folia Async Scheduler Thread #1/INFO]: [SkinsRestorer] ----------------------------------------------
[07:57:12] [Folia Async Scheduler Thread #1/INFO]: [SkinsRestorer]     Version: 15.11.1
[07:57:12] [Folia Async Scheduler Thread #1/INFO]: [SkinsRestorer]     Commit: 13491f5
[07:57:12] [Folia Async Scheduler Thread #1/INFO]: [SkinsRestorer]     This is the latest version!
[07:57:12] [Folia Async Scheduler Thread #1/INFO]: [SkinsRestorer] ----------------------------------------------
[07:57:12] [Folia Async Scheduler Thread #1/INFO]: [SkinsRestorer] Do you have issues? Read our troubleshooting guide: https://skinsrestorer.net/docs/troubleshooting
[07:57:12] [Folia Async Scheduler Thread #1/INFO]: [SkinsRestorer] Want to support SkinsRestorer? Consider donating: https://skinsrestorer.net/donate
[07:57:13] [Server thread/INFO]: Loading 0 persistent chunks for world 'minecraft:overworld'...
[07:57:13] [Server thread/INFO]: Preparing spawn area: 100%
[07:57:13] [Server thread/INFO]: Prepared spawn area in 14 ms
[07:57:13] [Server thread/INFO]: [vane-regions] Loaded 0 regions for world world(0f5e378c-28ef-497c-942e-bef9a2a5c10d)
[07:57:13] [Server thread/INFO]: [vane-portals] Loaded 0 portals for world world(0f5e378c-28ef-497c-942e-bef9a2a5c10d)
[07:57:13] [Server thread/INFO]: Loading 0 persistent chunks for world 'minecraft:the_nether'...
[07:57:13] [Server thread/INFO]: Prepared spawn area in 5 ms
[07:57:13] [Server thread/INFO]: [vane-regions] Loaded 0 regions for world world_nether(e1b78399-dfc5-48d7-b995-c68793f6fd42)
[07:57:13] [Server thread/INFO]: [vane-portals] Loaded 0 portals for world world_nether(e1b78399-dfc5-48d7-b995-c68793f6fd42)
[07:57:13] [Server thread/INFO]: Loading 0 persistent chunks for world 'minecraft:the_end'...
[07:57:13] [Server thread/INFO]: Preparing spawn area: 100%
[07:57:13] [Server thread/INFO]: Prepared spawn area in 18 ms
[07:57:13] [Server thread/INFO]: [vane-regions] Loaded 0 regions for world world_the_end(a02f1b72-3b25-488b-9dc0-99de4c7f75f9)
[07:57:13] [Server thread/INFO]: [vane-portals] Loaded 0 portals for world world_the_end(a02f1b72-3b25-488b-9dc0-99de4c7f75f9)
[07:57:13] [Server thread/INFO]: Done preparing level "world" (1.198s)
[07:57:13] [Server thread/INFO]: [Essentials] Enabling Essentials v2.21.2
[07:57:13] [Server thread/ERROR]: [Essentials] You are running an unsupported server version!
[07:57:14] [Server thread/INFO]: [Essentials] Attempting to convert old kits in config.yml to new kits.yml
[07:57:14] [Server thread/INFO]: [Essentials] No kits found to migrate.
[07:57:14] [Server thread/INFO]: [Essentials] Selected Reflection Online Mode Provider as the provider for OnlineModeProvider
[07:57:14] [Server thread/INFO]: [Essentials] Selected 1.21.4+ Sync Commands Provider as the provider for SyncCommandsProvider
[07:57:14] [Server thread/INFO]: [Essentials] Selected Paper Material Tag Provider as the provider for MaterialTagProvider
[07:57:14] [Server thread/INFO]: [Essentials] Selected 1.20.6+ Potion Meta Provider as the provider for PotionMetaProvider
[07:57:14] [Server thread/INFO]: [Essentials] Selected Paper Biome Key Provider as the provider for BiomeKeyProvider
[07:57:14] [Server thread/INFO]: [Essentials] Selected 1.8.3+ Spawner Item Provider as the provider for SpawnerItemProvider
[07:57:14] [Server thread/INFO]: [Essentials] Selected 1.11+ Item Unbreakable Provider as the provider for ItemUnbreakableProvider
[07:57:14] [Server thread/INFO]: [Essentials] Selected 1.21+ InventoryView Interface ABI Provider as the provider for InventoryViewProvider
[07:57:14] [Server thread/INFO]: [Essentials] Selected 1.17.1+ World Info Provider as the provider for WorldInfoProvider
[07:57:14] [Server thread/INFO]: [Essentials] Selected 1.12.2+ Player Locale Provider as the provider for PlayerLocaleProvider
[07:57:14] [Server thread/INFO]: [Essentials] Selected 1.14+ Sign Data Provider as the provider for SignDataProvider
[07:57:14] [Server thread/INFO]: [Essentials] Selected Paper Tick Count Provider as the provider for TickCountProvider
[07:57:14] [Server thread/INFO]: [Essentials] Selected 1.12+ Spawner Block Provider as the provider for SpawnerBlockProvider
[07:57:14] [Server thread/INFO]: [Essentials] Selected Paper Container Provider as the provider for ContainerProvider
[07:57:14] [Server thread/INFO]: [Essentials] Selected 1.14.4+ Persistent Data Container Provider as the provider for PersistentDataProvider
[07:57:14] [Server thread/INFO]: [Essentials] Selected Paper Serialization Provider as the provider for SerializationProvider
[07:57:14] [Server thread/INFO]: [Essentials] Selected 1.20.5+ Banner Data Provider as the provider for BannerDataProvider
[07:57:14] [Server thread/INFO]: [Essentials] Selected Paper Known Commands Provider as the provider for KnownCommandsProvider
[07:57:14] [Server thread/INFO]: [Essentials] Selected 1.13+ Spawn Egg Provider as the provider for SpawnEggProvider
[07:57:14] [Server thread/INFO]: [Essentials] Selected 1.20.4+ Damage Event Provider as the provider for DamageEventProvider
[07:57:14] [Server thread/INFO]: [Essentials] Selected Paper Server State Provider as the provider for ServerStateProvider
[07:57:14] [Server thread/INFO]: [Essentials] Selected Reflection Formatted Command Alias Provider as the provider for FormattedCommandAliasProvider
[07:57:14] [Server thread/INFO]: [Essentials] Selected Legacy Biome Name Provider as the provider for BiomeNameProvider
[07:57:14] [Server thread/INFO]: [Essentials] Loaded 43880 items from items.json.
[07:57:14] [Server thread/INFO]: [Essentials] Using locale en_ID
[07:57:14] [Server thread/INFO]: [Essentials] ServerListPingEvent: Spigot iterator API
[07:57:14] [Server thread/INFO]: [Essentials] Starting Metrics. Opt-out using the global bStats config.
[07:57:14] [Server thread/INFO]: [Essentials] Using superperms-based permissions.
[07:57:14] [Server thread/INFO]: [EssentialsSpawn] Enabling EssentialsSpawn v2.21.2
[07:57:14] [Server thread/INFO]: [EssentialsSpawn] Starting Metrics. Opt-out using the global bStats config.
[07:57:14] [Server thread/INFO]: [EssentialsChat] Enabling EssentialsChat v2.21.2
[07:57:14] [Server thread/INFO]: [EssentialsChat] Starting Metrics. Opt-out using the global bStats config.
[07:57:14] [Server thread/INFO]: [AuraSkills] Enabling AuraSkills v2.3.11
[07:57:16] [Server thread/INFO]: [AuraSkills] Loaded 21 message files
[07:57:17] [Server thread/INFO]: [AuraSkills] Successfully registered hook ProtocolLib
[07:57:17] [Server thread/INFO]: [AuraSkills] Loaded 160 config options in 66 ms
[07:57:17] [Server thread/INFO]: [NBTAPI] [NBTAPI] Found Minecraft: 1.21.11! Trying to find NMS support
[07:57:17] [Server thread/INFO]: [NBTAPI] [NBTAPI] NMS support 'MC1_21_R7' loaded!
[07:57:17] [Server thread/INFO]: [NBTAPI] [NBTAPI] Using the plugin 'AuraSkills' to create a bStats instance!
[07:57:17] [Server thread/INFO]: [AuraSkills] Loaded 3 blocked/disabled worlds
[07:57:17] [Server thread/INFO]: [AuraSkills] [ACF] Enabled Asynchronous Tab Completion Support!
[07:57:19] [Server thread/INFO]: [spark] Starting background profiler...
[07:57:19] [Server thread/INFO]: [spark] The async-profiler engine is not supported for your os/arch (windows11/amd64), so the built-in Java engine will be used instead.
[07:57:19] [Server thread/INFO]: Running delayed init tasks
[07:57:19] [Craft Scheduler Thread - 2 - Essentials/INFO]: [Essentials] Fetching version information...
[07:57:20] [Server thread/INFO]: [AuraSkills] Loaded 11 skills with 327 total sources
[07:57:20] [Server thread/INFO]: [AuraSkills] Loaded 9 stats and 17 traits
[07:57:20] [Server thread/INFO]: [AuraSkills] Loaded 22 pattern rewards and 0 level rewards
[07:57:20] [Server thread/INFO]: [AuraSkills] Loaded 53 loot entries in 4 pools and 2 tables
[07:57:20] [Server thread/INFO]: Environment: Environment[sessionHost=https://sessionserver.mojang.com, servicesHost=https://api.minecraftservices.com, profilesHost=https://api.mojang.com, name=PROD]
[07:57:20] [Server thread/INFO]: [AuraSkills] Loaded 7 menus
[07:57:20] [Server thread/INFO]: Done (34.089s)! For help, type "help"
[07:58:16] [User Authenticator #0/INFO]: UUID of player NJEPOh77 is 5ee23a5e-e93a-3f07-8414-d8f9d80d652b
[07:58:16] [Server thread/INFO]: [HorriblePlayerLoginEventHack] You have plugins listening to the PlayerLoginEvent, this will cause re-configuration APIs to be unavailable: [Essentials, ProtocolLib]
[07:58:24] [Server thread/INFO]: [vane-admin] [broadcast] NJEPOh77 has joined the server
[07:58:24] [Server thread/INFO]: NJEPOh77[/127.207.208.204:62660] logged in with entity id 1 at ([world]-223.50430096403863, 76.0, -380.5699205351878)
[08:07:37] [Server thread/INFO]: [NJEPOh77: Set own game mode to Creative Mode]
[08:08:06] [Server thread/INFO]: [NJEPOh77: Set own game mode to Survival Mode]
[08:27:32] [Server thread/INFO]: [NJEPOh77: Set own game mode to Creative Mode]
[08:28:43] [User Authenticator #1/INFO]: UUID of player Arrel7 is 1e5120ff-e7b8-30a3-be28-5d07bbae9fe5
[08:29:10] [Server thread/INFO]: [vane-admin] [broadcast] Arrel7 has joined the server
[08:29:10] [Server thread/INFO]: Arrel7[/127.56.142.74:49890] logged in with entity id 4930 at ([world]-166.72340106964103, 80.0, -297.09889508485816)
[08:29:39] [Server thread/INFO]: NJEPOh77 issued server command: /fill -72 75 -243 -104 78 -271 minecraft:grass_block
[08:29:40] [Server thread/INFO]: [NJEPOh77: Successfully filled 3007 block(s)]
[08:29:49] [Server thread/INFO]: NJEPOh77 issued server command: /fill -72 75 -243 -104 71 -271 minecraft:grass_block
[08:29:49] [Server thread/INFO]: [NJEPOh77: Successfully filled 3973 block(s)]
[08:30:02] [Server thread/INFO]: NJEPOh77 issued server command: /fill -72 78 -243 -104 84 -271 minecraft:grass_block
[08:30:02] [Server thread/INFO]: [NJEPOh77: Successfully filled 5728 block(s)]
[08:30:17] [Server thread/INFO]: NJEPOh77 issued server command: /fill -72 78 -243 -104 84 -271 minecraft:air
[08:30:17] [Server thread/INFO]: [NJEPOh77: Successfully filled 6699 block(s)]
[08:30:45] [Server thread/INFO]: NJEPOh77 issued server command: /fill -72 78 -243 -104 78 -271 minecraft:grass_block
[08:30:45] [Server thread/INFO]: [NJEPOh77: Successfully filled 957 block(s)]
[08:33:41] [Server thread/INFO]: [NJEPOh77: Set own game mode to Survival Mode]
[08:37:18] [Async Chat Thread - #0/INFO]: [Not Secure] <Arrel7> bang
[08:37:25] [Async Chat Thread - #0/INFO]: [Not Secure] <Arrel7> suaraku masuk?
[08:37:32] [Async Chat Thread - #0/INFO]: [Not Secure] <NJEPOh77> ngga
[08:41:51] [Server thread/INFO]: NJEPOh77 has completed the challenge [Cover Me in Debris]
[08:42:39] [Server thread/INFO]: [NJEPOh77: Set own game mode to Creative Mode]
[08:42:50] [Async Chat Thread - #2/INFO]: [Not Secure] <NJEPOh77> aku tak masak sik ya, laper aku pengen sarapan
[08:42:55] [Async Chat Thread - #2/INFO]: [Not Secure] <Arrel7> oke
[08:43:09] [Server thread/INFO]: NJEPOh77 lost connection: Disconnected
[08:43:09] [Server thread/INFO]: [vane-admin] [broadcast] NJEPOh77 has left the server
[08:46:32] [User Authenticator #2/INFO]: UUID of player Formera is 9a2427bd-d3c0-3440-a9e2-495001035bc9
[08:46:36] [Server thread/INFO]: [vane-admin] [broadcast] Formera has joined the server
[08:46:36] [Server thread/INFO]: Formera[/127.119.224.71:56418] logged in with entity id 7275 at ([world]-257.6810226492164, 49.0, -156.28550710165254)
[08:46:54] [Async Chat Thread - #4/INFO]: [Not Secure] <Formera> loh kok sepi
[08:47:01] [Async Chat Thread - #4/INFO]: [Not Secure] <Arrel7> hapis sarapan
[08:47:25] [Server thread/INFO]: Formera lost connection: Disconnected
[08:47:25] [Server thread/INFO]: [vane-admin] [broadcast] Formera has left the server
[08:48:08] [User Authenticator #3/INFO]: UUID of player Zukimura is a8435c18-cb1e-3cdc-8fdb-4ffa0d5ba07f
[08:48:33] [Server thread/INFO]: [vane-admin] [broadcast] Zukimura has joined the server
[08:48:33] [Server thread/INFO]: Zukimura[/127.56.142.74:56427] logged in with entity id 7815 at ([world]-265.16559325920866, 78.0, -357.96444699578666)
[08:50:31] [Async Chat Thread - #6/INFO]: [Not Secure] <Arrel7> wtf
[08:50:59] [Async Chat Thread - #6/INFO]: [Not Secure] <Arrel7> kau lagi nak apa juk
[08:51:08] [Async Chat Thread - #6/INFO]: [Not Secure] <Zukimura> enchant
[08:54:16] [User Authenticator #4/INFO]: UUID of player Zukimura is a8435c18-cb1e-3cdc-8fdb-4ffa0d5ba07f
[08:54:16] [Server thread/INFO]: Zukimura lost connection: You logged in from another location
[08:54:16] [Server thread/INFO]: [vane-admin] [broadcast] Zukimura was kicked from the server
[08:54:36] [Server thread/INFO]: [vane-admin] [broadcast] Zukimura has joined the server
[08:54:36] [Server thread/INFO]: Zukimura[/127.56.142.74:60350] logged in with entity id 8915 at ([world]-175.92825230562048, 74.0, -351.5542942367871)
[08:56:30] [Server thread/INFO]: Arrel7 lost connection: Disconnected
[08:56:30] [Server thread/INFO]: [vane-admin] [broadcast] Arrel7 has left the server
[09:16:41] [User Authenticator #5/INFO]: UUID of player Arrel7 is 1e5120ff-e7b8-30a3-be28-5d07bbae9fe5
[09:16:53] [Server thread/INFO]: [vane-admin] [broadcast] Arrel7 has joined the server
[09:16:53] [Server thread/INFO]: Arrel7[/127.56.142.74:62449] logged in with entity id 12137 at ([world]-170.70357907604534, 71.0, -297.6167617406544)
[09:21:47] [User Authenticator #6/INFO]: UUID of player NJEPOh77 is 5ee23a5e-e93a-3f07-8414-d8f9d80d652b
[09:21:50] [Server thread/INFO]: [vane-admin] [broadcast] NJEPOh77 has joined the server
[09:21:50] [Server thread/INFO]: NJEPOh77[/127.207.208.204:54869] logged in with entity id 13135 at ([world]-111.9333021803237, 75.0, -268.49882795321895)
[09:23:08] [Async Chat Thread - #8/INFO]: [Not Secure] <Arrel7> kau makin hitam
[09:23:20] [Async Chat Thread - #8/INFO]: [Not Secure] <NJEPOh77> hitam
[09:23:24] [Async Chat Thread - #8/INFO]: [Not Secure] <NJEPOh77> sudah dari sananya
[09:23:42] [Async Chat Thread - #8/INFO]: [Not Secure] <Arrel7> diamondku dah abis buat gandain nether upgrade aowkeoawk
[09:23:49] [Async Chat Thread - #8/INFO]: [Not Secure] <NJEPOh77> besok mining lagi
[09:23:58] [Async Chat Thread - #8/INFO]: [Not Secure] <NJEPOh77> aku mau buat bambu farm dulu
[09:24:04] [Async Chat Thread - #9/INFO]: [Not Secure] <NJEPOh77> sama nambah sugar cane farm
[09:24:59] [Async Chat Thread - #9/INFO]: [Not Secure] <NJEPOh77> kok iron golem e ga mau spawn ya
[09:25:52] [Async Chat Thread - #9/INFO]: [Not Secure] <Arrel7> mana villagernya njir
[09:26:01] [Async Chat Thread - #9/INFO]: [Not Secure] <NJEPOh77> modar semuaa
[09:26:14] [Async Chat Thread - #8/INFO]: [Not Secure] <NJEPOh77> Zombi nya jadi bawa iron sword njir
[09:26:14] [Async Chat Thread - #8/INFO]: [Not Secure] <Arrel7> bjir
[09:26:22] [Async Chat Thread - #8/INFO]: [Not Secure] <Arrel7> loh
[09:26:32] [Async Chat Thread - #8/INFO]: [Not Secure] <Arrel7> ada yang mati kah disitu
[09:26:36] [Async Chat Thread - #8/INFO]: [Not Secure] <Arrel7> wkwk
[09:26:37] [Async Chat Thread - #8/INFO]: [Not Secure] <NJEPOh77> semua modar
[09:26:49] [Async Chat Thread - #8/INFO]: [Not Secure] <NJEPOh77> besok tak taro lagi villagernya
[09:26:57] [Async Chat Thread - #8/INFO]: [Not Secure] <Arrel7> atmin lagi god mode
[09:27:04] [Async Chat Thread - #8/INFO]: [Not Secure] <NJEPOh77> atmin mode
[09:27:59] [Async Chat Thread - #8/INFO]: [Not Secure] <Zukimura> dapett diamond cik
[09:28:17] [Async Chat Thread - #8/INFO]: [Not Secure] <NJEPOh77> bawa silk touch ga ?
[09:28:24] [Async Chat Thread - #8/INFO]: [Not Secure] <Zukimura> mancing
[09:28:28] [Async Chat Thread - #8/INFO]: [Not Secure] <NJEPOh77> njir
[09:28:34] [Async Chat Thread - #9/INFO]: [Not Secure] <Arrel7> silky ku nyempung lava aaaa
[09:28:38] [Async Chat Thread - #9/INFO]: [Not Secure] <NJEPOh77> akowkoowowwkow
[09:28:47] [Async Chat Thread - #9/INFO]: [Not Secure] <NJEPOh77> di trading hall ada sik jual silk touch
[09:45:02] [Server thread/INFO]: Arrel7 was kicked due to keepalive timeout!
[09:45:02] [Server thread/INFO]: Arrel7 lost connection: Timed out
[09:45:02] [Server thread/INFO]: [vane-admin] [broadcast] Arrel7 was kicked from the server
[09:45:43] [User Authenticator #7/INFO]: UUID of player Arrel7 is 1e5120ff-e7b8-30a3-be28-5d07bbae9fe5
[09:45:57] [Server thread/INFO]: [vane-admin] [broadcast] Arrel7 has joined the server
[09:45:57] [Server thread/INFO]: Arrel7[/127.56.142.74:60864] logged in with entity id 19693 at ([world]-244.82590577666548, -19.0, -306.48750001192093)
[09:46:30] [Server thread/INFO]: Arrel7 was kicked due to keepalive timeout!
[09:46:30] [Server thread/INFO]: Arrel7 lost connection: Timed out
[09:46:30] [Server thread/INFO]: [vane-admin] [broadcast] Arrel7 was kicked from the server
[09:47:00] [User Authenticator #8/INFO]: UUID of player Arrel7 is 1e5120ff-e7b8-30a3-be28-5d07bbae9fe5
[09:47:10] [Server thread/INFO]: [vane-admin] [broadcast] Arrel7 has joined the server
[09:47:10] [Server thread/INFO]: Arrel7[/127.56.142.74:60869] logged in with entity id 19969 at ([world]-230.81981701850896, 17.5, -310.0990754008294)
[09:47:42] [Server thread/INFO]: Arrel7 was kicked due to keepalive timeout!
[09:47:42] [Server thread/INFO]: Arrel7 lost connection: Timed out
[09:47:42] [Server thread/INFO]: [vane-admin] [broadcast] Arrel7 was kicked from the server
[09:47:53] [User Authenticator #8/INFO]: UUID of player Arrel7 is 1e5120ff-e7b8-30a3-be28-5d07bbae9fe5
[09:47:55] [Async Chat Thread - #11/INFO]: [Not Secure] <Zukimura> bruhh
[09:48:02] [Server thread/INFO]: [vane-admin] [broadcast] Arrel7 has joined the server
[09:48:02] [Server thread/INFO]: Arrel7[/127.56.142.74:62914] logged in with entity id 20193 at ([world]-193.7592477917671, 69.04289683901332, -303.51457050610566)
[09:48:34] [Server thread/INFO]: Arrel7 was kicked due to keepalive timeout!
[09:48:34] [Server thread/INFO]: Arrel7 lost connection: Timed out
[09:48:34] [Server thread/INFO]: [vane-admin] [broadcast] Arrel7 was kicked from the server
[09:49:08] [User Authenticator #9/INFO]: UUID of player Arrel7 is 1e5120ff-e7b8-30a3-be28-5d07bbae9fe5
[09:49:17] [Server thread/INFO]: [vane-admin] [broadcast] Arrel7 has joined the server
[09:49:17] [Server thread/INFO]: Arrel7[/127.56.142.74:60063] logged in with entity id 20628 at ([world]-169.644786143303, 71.19366615334314, -310.71532332003113)
[09:49:44] [Async Chat Thread - #12/INFO]: [Not Secure] <Arrel7> aku yang lag apa serpernya bang?
[09:49:50] [Server thread/INFO]: Arrel7 was kicked due to keepalive timeout!
[09:49:50] [Server thread/INFO]: Arrel7 lost connection: Timed out
[09:49:50] [Server thread/INFO]: [vane-admin] [broadcast] Arrel7 was kicked from the server
[09:49:51] [Async Chat Thread - #12/INFO]: [Not Secure] <NJEPOh77> kau
[09:49:57] [Async Chat Thread - #12/INFO]: [Not Secure] <Zukimura> ter kick bjir
[09:50:04] [Async Chat Thread - #12/INFO]: [Not Secure] <NJEPOh77> agak agak emang
[09:50:21] [User Authenticator #10/INFO]: UUID of player Arrel7 is 1e5120ff-e7b8-30a3-be28-5d07bbae9fe5
[09:50:30] [Server thread/INFO]: [vane-admin] [broadcast] Arrel7 has joined the server
[09:50:30] [Server thread/INFO]: Arrel7[/127.56.142.74:61097] logged in with entity id 20865 at ([world]-155.68928159102788, 72.0, -316.3518645459)
[09:50:35] [Async Chat Thread - #12/INFO]: [Not Secure] <NJEPOh77> internet mu
[09:50:38] [Async Chat Thread - #13/INFO]: [Not Secure] <NJEPOh77> server aman
[09:50:41] [Async Chat Thread - #12/INFO]: [Not Secure] <NJEPOh77> juki aman
[09:50:41] [Async Chat Thread - #13/INFO]: [Not Secure] <Arrel7> tes
[09:50:43] [Async Chat Thread - #13/INFO]: [Not Secure] <Arrel7> p
[09:50:46] [Async Chat Thread - #13/INFO]: [Not Secure] <NJEPOh77> p
[09:50:53] [Async Chat Thread - #13/INFO]: [Not Secure] <Arrel7> tes
[09:50:58] [Async Chat Thread - #13/INFO]: [Not Secure] <NJEPOh77> aman
[09:51:06] [Async Chat Thread - #12/INFO]: [Not Secure] <Arrel7> p
[09:51:17] [Async Chat Thread - #12/INFO]: [Not Secure] <Arrel7> jaringan uns kontol
[09:51:21] [Async Chat Thread - #12/INFO]: [Not Secure] <Arrel7> halo
[09:51:25] [Async Chat Thread - #12/INFO]: [Not Secure] <NJEPOh77> kayak e gara gara mod mu deh
[09:52:20] [Async Chat Thread - #12/INFO]: [Not Secure] <Arrel7> tes
[09:52:22] [Async Chat Thread - #12/INFO]: [Not Secure] <Arrel7> ah
[09:52:25] [Async Chat Thread - #13/INFO]: [Not Secure] <Arrel7> dah lancar
[09:52:26] [Async Chat Thread - #13/INFO]: [Not Secure] <NJEPOh77> ah
[09:52:29] [Async Chat Thread - #13/INFO]: [Not Secure] <NJEPOh77> lumayan
[09:52:30] [Async Chat Thread - #13/INFO]: [Not Secure] <Arrel7> jaringanpuki
[09:55:00] [Server thread/INFO]: Arrel7 was kicked due to keepalive timeout!
[09:55:00] [Server thread/INFO]: Arrel7 lost connection: Timed out
[09:55:00] [Server thread/INFO]: [vane-admin] [broadcast] Arrel7 was kicked from the server
[09:55:14] [Async Chat Thread - #14/INFO]: [Not Secure] <NJEPOh77> aokokwkowkowow
[09:55:24] [Async Chat Thread - #14/INFO]: [Not Secure] <NJEPOh77> iku sinyal e kenapa njir
[09:55:37] [User Authenticator #11/INFO]: UUID of player Arrel7 is 1e5120ff-e7b8-30a3-be28-5d07bbae9fe5
[09:55:42] [Async Chat Thread - #14/INFO]: [Not Secure] <Zukimura> masih mengasah ROD
[09:55:49] [Server thread/INFO]: [vane-admin] [broadcast] Arrel7 has joined the server
[09:55:49] [Server thread/INFO]: Arrel7[/127.56.142.74:53561] logged in with entity id 22229 at ([world]-147.75209674835207, 72.16610926093821, -309.94526635408397)
[09:56:09] [Async Chat Thread - #14/INFO]: [Not Secure] <Arrel7> tes
[09:56:12] [Async Chat Thread - #14/INFO]: [Not Secure] <NJEPOh77> tes
[09:56:16] [Async Chat Thread - #14/INFO]: [Not Secure] <Arrel7> niggaaaaaaaaaaaaaaaaaaaaaaaa
[09:56:23] [Server thread/INFO]: Arrel7 was kicked due to keepalive timeout!
[09:56:23] [Server thread/INFO]: Arrel7 lost connection: Timed out
[09:56:23] [Server thread/INFO]: [vane-admin] [broadcast] Arrel7 was kicked from the server
[09:56:26] [Async Chat Thread - #15/INFO]: [Not Secure] <NJEPOh77> aokowkwkw
[09:56:57] [User Authenticator #12/INFO]: UUID of player Arrel7 is 1e5120ff-e7b8-30a3-be28-5d07bbae9fe5
[09:57:06] [Server thread/INFO]: [vane-admin] [broadcast] Arrel7 has joined the server
[09:57:06] [Server thread/INFO]: Arrel7[/127.56.142.74:53565] logged in with entity id 22570 at ([world]-147.75209674835207, 72.0, -309.94526635408397)
[09:57:42] [Server thread/INFO]: Arrel7 was kicked due to keepalive timeout!
[09:57:42] [Server thread/INFO]: Arrel7 lost connection: Timed out
[09:57:42] [Server thread/INFO]: [vane-admin] [broadcast] Arrel7 was kicked from the server
[09:57:53] [User Authenticator #12/INFO]: UUID of player Arrel7 is 1e5120ff-e7b8-30a3-be28-5d07bbae9fe5
[09:58:04] [Server thread/INFO]: [vane-admin] [broadcast] Arrel7 has joined the server
[09:58:04] [Server thread/INFO]: Arrel7[/127.56.142.74:62129] logged in with entity id 22799 at ([world]-147.75209674835207, 72.0, -309.94526635408397)
[09:58:40] [Server thread/INFO]: Arrel7 was kicked due to keepalive timeout!
[09:58:40] [Server thread/INFO]: Arrel7 lost connection: Timed out
[09:58:40] [Server thread/INFO]: [vane-admin] [broadcast] Arrel7 was kicked from the server
[09:58:48] [Async Chat Thread - #16/INFO]: [Not Secure] <Zukimura> hapis
[09:58:51] [User Authenticator #12/INFO]: UUID of player Arrel7 is 1e5120ff-e7b8-30a3-be28-5d07bbae9fe5
[09:58:52] [Async Chat Thread - #16/INFO]: [Not Secure] <NJEPOh77> kenapa ?
[09:59:01] [Server thread/INFO]: [vane-admin] [broadcast] Arrel7 has joined the server
[09:59:01] [Server thread/INFO]: Arrel7[/127.56.142.74:63518] logged in with entity id 22919 at ([world]-147.75209674835207, 72.0, -309.94526635408397)
[09:59:35] [Server thread/INFO]: Arrel7 was kicked due to keepalive timeout!
[09:59:35] [Server thread/INFO]: Arrel7 lost connection: Timed out
[09:59:35] [Server thread/INFO]: [vane-admin] [broadcast] Arrel7 was kicked from the server
[09:59:39] [User Authenticator #12/INFO]: UUID of player Arrel7 is 1e5120ff-e7b8-30a3-be28-5d07bbae9fe5
[09:59:44] [Async Chat Thread - #16/INFO]: [Not Secure] <Zukimura> ter kick loh
[09:59:48] [Async Chat Thread - #16/INFO]: [Not Secure] <NJEPOh77> iku device yanto wifi issue njir
[10:00:06] [Server thread/INFO]: [vane-admin] [broadcast] Arrel7 has joined the server
[10:00:06] [Server thread/INFO]: Arrel7[/127.56.142.74:63521] logged in with entity id 23049 at ([world]-147.75209674835207, 71.41499099849125, -309.94526635408397)
[10:00:39] [Server thread/INFO]: Arrel7 was kicked due to keepalive timeout!
[10:00:39] [Server thread/INFO]: Arrel7 lost connection: Timed out
[10:00:39] [Server thread/INFO]: [vane-admin] [broadcast] Arrel7 was kicked from the server
[10:00:44] [Async Chat Thread - #16/INFO]: [Not Secure] <Zukimura> ok
[10:00:55] [User Authenticator #13/INFO]: UUID of player Starkz is a1c1e0b6-5ffd-3666-b7ee-4f2545e4db8a
[10:00:57] [Server thread/INFO]: [vane-admin] [broadcast] Starkz has joined the server
[10:00:57] [Server thread/INFO]: Starkz[/127.56.142.74:63527] logged in with entity id 23251 at ([world]4999.241820335081, 96.0, 1090.7317886718101)
[10:01:10] [User Authenticator #13/INFO]: UUID of player Arrel7 is 1e5120ff-e7b8-30a3-be28-5d07bbae9fe5
[10:01:19] [Server thread/INFO]: Zukimura issued server command: /skill
[10:01:19] [Server thread/INFO]: [vane-admin] [broadcast] Arrel7 has joined the server
[10:01:19] [Server thread/INFO]: Arrel7[/127.56.142.74:62775] logged in with entity id 23532 at ([world]-147.75209674835207, 71.0, -309.94526635408397)
[10:01:29] [Async Chat Thread - #16/INFO]: [Not Secure] <Arrel7> t
[10:01:32] [Server thread/INFO]: Starkz was kicked due to keepalive timeout!
[10:01:32] [Server thread/INFO]: Starkz lost connection: Timed out
[10:01:32] [Server thread/INFO]: [vane-admin] [broadcast] Starkz was kicked from the server
[10:01:35] [Server thread/INFO]: Arrel7 lost connection: Disconnected
[10:01:35] [Server thread/INFO]: [vane-admin] [broadcast] Arrel7 has left the server
[10:01:40] [User Authenticator #13/INFO]: UUID of player Starkz is a1c1e0b6-5ffd-3666-b7ee-4f2545e4db8a
[10:01:42] [Async Chat Thread - #16/INFO]: [Not Secure] <Zukimura> bruh
[10:01:44] [Server thread/INFO]: [vane-admin] [broadcast] Starkz has joined the server
[10:01:44] [Server thread/INFO]: Starkz[/127.56.142.74:62781] logged in with entity id 23679 at ([world]5000.487500011921, 99.0, 1077.568286170802)
[10:01:58] [User Authenticator #13/INFO]: UUID of player Arrel7 is 1e5120ff-e7b8-30a3-be28-5d07bbae9fe5
[10:02:08] [Server thread/INFO]: [vane-admin] [broadcast] Arrel7 has joined the server
[10:02:08] [Server thread/INFO]: Arrel7[/127.56.142.74:62783] logged in with entity id 23963 at ([world]-147.75209674835207, 71.0, -309.94526635408397)
[10:02:14] [Async Chat Thread - #16/INFO]: [Not Secure] <Arrel7> t
[10:02:19] [Server thread/INFO]: Starkz was kicked due to keepalive timeout!
[10:02:19] [Server thread/INFO]: Starkz lost connection: Timed out
[10:02:19] [Server thread/INFO]: [vane-admin] [broadcast] Starkz was kicked from the server
[10:02:44] [Server thread/INFO]: Arrel7 was kicked due to keepalive timeout!
[10:02:44] [Server thread/INFO]: Arrel7 lost connection: Timed out
[10:02:44] [Server thread/INFO]: [vane-admin] [broadcast] Arrel7 was kicked from the server
[10:02:52] [User Authenticator #13/INFO]: UUID of player Arrel7 is 1e5120ff-e7b8-30a3-be28-5d07bbae9fe5
[10:03:05] [Server thread/INFO]: [vane-admin] [broadcast] Arrel7 has joined the server
[10:03:05] [Server thread/INFO]: Arrel7[/127.56.142.74:62788] logged in with entity id 24181 at ([world]-147.75209674835207, 71.0, -309.94526635408397)
[10:03:17] [Async Chat Thread - #18/INFO]: [Not Secure] <NJEPOh77> Device mu kenapa wok
[10:06:38] [Server thread/INFO]: [NJEPOh77: Set own game mode to Survival Mode]
[10:07:05] [Server thread/INFO]: Villager Villager['Fisherman'/24945, uuid='83796724-e3a6-42a3-8c65-77ff9b75a8dd', l='ServerLevel[world]', x=-85.05, y=80.56, z=-230.31, cpos=[-6, -15], tl=1371, v=true] died, message: 'Fisherman was slain by NJEPOh77'
[10:07:05] [Server thread/INFO]: Villager Villager['Fisherman'/24948, uuid='2626f31b-960a-49c2-b643-9d7f318edfcb', l='ServerLevel[world]', x=-85.70, y=80.56, z=-230.70, cpos=[-6, -15], tl=1361, v=true] died, message: 'Fisherman was slain by NJEPOh77'
[10:07:06] [Server thread/INFO]: Villager Villager['Fisherman'/24943, uuid='48e2498e-4877-426f-ad6e-dd105a1242aa', l='ServerLevel[world]', x=-85.68, y=80.56, z=-228.93, cpos=[-6, -15], tl=1409, v=true] died, message: 'Fisherman was slain by NJEPOh77'
[10:07:13] [Async Chat Thread - #21/INFO]: [Not Secure] <Arrel7> p
[10:07:21] [Async Chat Thread - #21/INFO]: [Not Secure] <NJEPOh77> p
[10:07:24] [Async Chat Thread - #20/INFO]: [Not Secure] <Arrel7> Jaringan uns kek anjing
[10:07:27] [Server thread/INFO]: [NJEPOh77: Set own game mode to Creative Mode]
[10:07:33] [Async Chat Thread - #20/INFO]: [Not Secure] <NJEPOh77> device mu wok
[10:07:38] [Async Chat Thread - #20/INFO]: [Not Secure] <NJEPOh77> jaringan uns mah aman
[10:07:40] [Async Chat Thread - #21/INFO]: [Not Secure] <Zukimura> lah aku pake jaringan uns
[10:07:48] [Async Chat Thread - #20/INFO]: [Not Secure] <Arrel7> kau kan gak dilab
[10:07:56] [Async Chat Thread - #20/INFO]: [Not Secure] <Arrel7> lab a lagi di otak atik
[10:07:57] [Async Chat Thread - #21/INFO]: [Not Secure] <NJEPOh77> juki di lab
[10:08:04] [Async Chat Thread - #21/INFO]: [Not Secure] <NJEPOh77> akowkkwkwokokw
[10:08:11] [Async Chat Thread - #21/INFO]: [Not Secure] <Arrel7> di mulmed dia
[10:08:12] [Async Chat Thread - #20/INFO]: [Not Secure] <NJEPOh77> nang mulmed lah temenin juki
[10:09:04] [Server thread/WARN]: Arrel7 moved too quickly! 0.0,-11.501000000000005,0.0
[10:09:23] [Async Chat Thread - #22/INFO]: [Not Secure] <Zukimura> lah
[10:11:16] [Async Chat Thread - #24/INFO]: [Not Secure] <Zukimura> hp ku ampe 25 bjir
[10:11:22] [Async Chat Thread - #24/INFO]: [Not Secure] <NJEPOh77> njir
[10:11:33] [Async Chat Thread - #24/INFO]: [Not Secure] <Zukimura> modal mancing
[10:13:16] [Async Chat Thread - #26/INFO]: [Not Secure] <Arrel7> kenapa ndak flying machin ja poh
[10:13:26] [Async Chat Thread - #26/INFO]: [Not Secure] <NJEPOh77> malas
[10:14:39] [Async Chat Thread - #29/INFO]: [Not Secure] <Zukimura> aku bawa balon =)
[10:22:28] [Server thread/WARN]: Arrel7 moved too quickly! 0.0,-11.501000000000005,0.0
[10:23:44] [Server thread/INFO]: Arrel7 issued server command: /skill
[10:25:17] [Async Chat Thread - #30/INFO]: [Not Secure] <Arrel7> kau ngapain co
[10:25:22] [Async Chat Thread - #30/INFO]: [Not Secure] <Arrel7> my barang njir
[10:25:26] [Async Chat Thread - #30/INFO]: [Not Secure] <Zukimura> nyampah
[10:25:35] [Async Chat Thread - #31/INFO]: [Not Secure] <Arrel7> oalah kontol
[10:27:46] [Async Chat Thread - #32/INFO]: [Not Secure] <Zukimura> mending pukul pukulan pake tangan
[10:27:53] [Async Chat Thread - #33/INFO]: [Not Secure] <Arrel7> gas
[10:27:54] [Async Chat Thread - #33/INFO]: [Not Secure] <Zukimura> lebih cepet naik level
[10:28:28] [Async Chat Thread - #33/INFO]: [Not Secure] <Arrel7> wait
[10:28:29] [Async Chat Thread - #32/INFO]: [Not Secure] <Zukimura> kurang sempit
[10:28:32] [Server thread/INFO]: Arrel7 issued server command: /skills
[10:28:43] [Async Chat Thread - #32/INFO]: [Not Secure] <Zukimura> dalem sini
[10:28:52] [Server thread/INFO]: Arrel7 issued server command: /skills
[10:29:40] [Async Chat Thread - #32/INFO]: [Not Secure] <Arrel7> ayo bikin ring tinju awokaw
[10:29:49] [Async Chat Thread - #33/INFO]: [Not Secure] <NJEPOh77> ada ada saja
[10:30:13] [Server thread/INFO]: Zukimura was slain by Arrel7
[10:30:22] [Async Chat Thread - #33/INFO]: [Not Secure] <Arrel7> yeaaaa
[10:30:30] [Async Chat Thread - #33/INFO]: [Not Secure] <Zukimura> armor pecah cik :v
[10:30:35] [Async Chat Thread - #33/INFO]: [Not Secure] <Arrel7> awokawokwao
[10:31:15] [Async Chat Thread - #33/INFO]: [Not Secure] <Arrel7> breezing rod mu minta juk
[10:32:32] [Server thread/INFO]: Zukimura lost connection: Disconnected
[10:32:32] [Server thread/INFO]: [vane-admin] [broadcast] Zukimura has left the server
[10:35:19] [Async Chat Thread - #35/INFO]: [Not Secure] <Arrel7> keknya aku juga nak mancing
[10:35:23] [Async Chat Thread - #35/INFO]: [Not Secure] <Arrel7> hehe
[10:36:45] [Async Chat Thread - #36/INFO]: [Not Secure] <NJEPOh77> njir ngeraid kah
[10:37:08] [Async Chat Thread - #36/INFO]: [Not Secure] <Arrel7> pilager natural itu
[10:37:15] [Async Chat Thread - #36/INFO]: [Not Secure] <NJEPOh77> owh
[10:37:21] [Async Chat Thread - #36/INFO]: [Not Secure] <NJEPOh77> sini nang sugar cane farm
[10:37:24] [Async Chat Thread - #36/INFO]: [Not Secure] <Arrel7> kalau lama gak raid emang kadang muncul sendiri
[10:37:34] [Async Chat Thread - #36/INFO]: [Not Secure] <Arrel7> panggilan untuk war
[10:37:58] [Server thread/WARN]: Arrel7 moved wrongly!
[10:37:58] [Server thread/WARN]: Arrel7 moved wrongly!
[10:38:50] [Async Chat Thread - #39/INFO]: [Not Secure] <Arrel7> nak raid kah?
[10:38:55] [Async Chat Thread - #39/INFO]: [Not Secure] <NJEPOh77> malas
[10:38:56] [Async Chat Thread - #39/INFO]: [Not Secure] <Arrel7> mheheheh
[10:39:39] [Async Chat Thread - #39/INFO]: [Not Secure] <Arrel7> sugar canenya emang kurang gede ini njir
[10:39:49] [Async Chat Thread - #38/INFO]: [Not Secure] <NJEPOh77> nanti abis ini tambah lagi
[10:40:06] [Async Chat Thread - #38/INFO]: [Not Secure] <Arrel7> taruh ke atas aja
[10:40:17] [Async Chat Thread - #38/INFO]: [Not Secure] <Arrel7> hemat hoper
[10:40:19] [Async Chat Thread - #38/INFO]: [Not Secure] <NJEPOh77> hmm ide bagus
[10:45:50] [Async Chat Thread - #40/INFO]: [Not Secure] <Arrel7> wah
[10:45:56] [Async Chat Thread - #40/INFO]: [Not Secure] <Arrel7> horse skeleton
[10:46:06] [Async Chat Thread - #40/INFO]: [Not Secure] <Arrel7> anjay
[10:46:14] [Async Chat Thread - #41/INFO]: [Not Secure] <NJEPOh77> anjay
[10:46:55] [Async Chat Thread - #41/INFO]: [Not Secure] <NJEPOh77> buang buang wind charge njir
[10:46:58] [Async Chat Thread - #41/INFO]: [Not Secure] <Arrel7> whwh
[10:47:31] [Async Chat Thread - #40/INFO]: [Not Secure] <Arrel7> seru wok
[10:59:18] [Server thread/INFO]: NJEPOh77 issued server command: /fill -37 77 -241 -53 88 -271 minecraft:air
[10:59:18] [Server thread/INFO]: [NJEPOh77: Successfully filled 1314 block(s)]
[10:59:30] [Server thread/INFO]: Villager Villager['Farmer'/37589, uuid='5698fdbb-4039-4947-afbd-05f0028eb9d9', l='ServerLevel[world]', x=4988.42, y=94.00, z=1107.12, cpos=[311, 69], tl=6846, v=true] died, message: 'Farmer was slain by Zombie'
[10:59:41] [Server thread/INFO]: NJEPOh77 issued server command: /fill -37 77 -241 -53 77 -271 minecraft:grass_block
[10:59:41] [Server thread/INFO]: [NJEPOh77: Successfully filled 527 block(s)]
[10:59:45] [Server thread/INFO]: Villager Villager['Mason'/37523, uuid='8226aa65-b86a-4d9d-b862-73813aeec2a3', l='ServerLevel[world]', x=5004.30, y=91.00, z=1122.70, cpos=[312, 70], tl=7166, v=true] died, message: 'Mason was slain by Zombie Villager'
[11:00:16] [Server thread/INFO]: NJEPOh77 issued server command: /fill -37 77 -241 -53 78 -271 minecraft:grass_block
[11:00:16] [Server thread/INFO]: [NJEPOh77: Successfully filled 527 block(s)]
[11:01:02] [Server thread/INFO]: NJEPOh77 issued server command: /fill -37 77 -241 -54 70 -271 minecraft:grass_block
[11:01:02] [Server thread/INFO]: [NJEPOh77: Successfully filled 4081 block(s)]
[11:28:09] [Server thread/WARN]: Arrel7 moved wrongly!
[11:28:40] [Server thread/WARN]: Arrel7 moved too quickly! 16.616748428344728,-0.33319999363422426,4.885465133190152
[11:29:12] [Server thread/INFO]: Arrel7 has reached the goal [Beaconator]
[11:29:12] [Server thread/INFO]: Arrel7 has made the advancement [Bring Home the Beacon]
[11:36:23] [Server thread/INFO]: NJEPOh77 lost connection: Disconnected
[11:36:23] [Server thread/INFO]: [vane-admin] [broadcast] NJEPOh77 has left the server
[11:39:32] [Server thread/WARN]: Arrel7 moved too quickly! -24.0,0.0,-5.0
[11:40:20] [Server thread/INFO]: Arrel7 lost connection: Disconnected
[11:40:20] [Server thread/INFO]: [vane-admin] [broadcast] Arrel7 has left the server
[12:47:32] [Server thread/INFO]: Stopping the server
[12:47:32] [Server thread/INFO]: Stopping server
[12:47:32] [Server thread/INFO]: [AuraSkills] Disabling AuraSkills v2.3.11
[12:47:32] [Server thread/INFO]: [EssentialsChat] Disabling EssentialsChat v2.21.2
[12:47:32] [Server thread/INFO]: [EssentialsSpawn] Disabling EssentialsSpawn v2.21.2
[12:47:32] [Server thread/INFO]: [SkinsRestorer] Disabling SkinsRestorer v15.11.1
[12:47:32] [Server thread/INFO]: [vane-admin] Disabling vane-admin v1.21.1
[12:47:32] [Server thread/INFO]: [vane-bedtime] Disabling vane-bedtime v1.21.1
[12:47:32] [Server thread/INFO]: [vane-enchantments] Disabling vane-enchantments v1.21.1
[12:47:32] [Server thread/INFO]: [vane-permissions] Disabling vane-permissions v1.21.1
[12:47:32] [Server thread/INFO]: [vane-portals] Disabling vane-portals v1.21.1
[12:47:32] [Server thread/INFO]: [vane-trifles] Disabling vane-trifles v1.21.1
[12:47:32] [Server thread/INFO]: [Essentials] Disabling Essentials v2.21.2
[12:47:32] [Server thread/INFO]: [vane-regions] Disabling vane-regions v1.21.1
[12:47:32] [Server thread/INFO]: [vane-core] Disabling vane-core v1.21.1
[12:47:32] [Server thread/INFO]: [ProtocolLib] Disabling ProtocolLib v5.4.0
[12:47:32] [Server thread/INFO]: Saving players
[12:47:32] [Server thread/INFO]: Saving worlds
[12:47:32] [Server thread/INFO]: Saving chunks for level 'ServerLevel[world]'/minecraft:overworld
[12:47:32] [Server thread/INFO]: [ChunkHolderManager] Waiting 60s for chunk system to halt for world 'world'
[12:47:32] [Server thread/INFO]: [ChunkHolderManager] Halted chunk system for world 'world'
[12:47:32] [Server thread/INFO]: [ChunkHolderManager] Saving all chunkholders for world 'world'
[12:47:33] [Server thread/INFO]: [ChunkHolderManager] Saved 0 block chunks, 0 entity chunks, 0 poi chunks in world 'world' in 0.01s
[12:47:33] [Server thread/INFO]: [ChunkHolderManager] Waiting 60s for chunk I/O to halt for world 'world'
[12:47:33] [Server thread/INFO]: [ChunkHolderManager] Halted I/O scheduler for world 'world'
[12:47:33] [Server thread/INFO]: Saving chunks for level 'ServerLevel[world_nether]'/minecraft:the_nether
[12:47:33] [Server thread/INFO]: [ChunkHolderManager] Waiting 60s for chunk system to halt for world 'world_nether'
[12:47:33] [Server thread/INFO]: [ChunkHolderManager] Halted chunk system for world 'world_nether'
[12:47:33] [Server thread/INFO]: [ChunkHolderManager] Saving all chunkholders for world 'world_nether'
[12:47:33] [Server thread/INFO]: [ChunkHolderManager] Saved 0 block chunks, 0 entity chunks, 0 poi chunks in world 'world_nether' in 0.00s
[12:47:33] [Server thread/INFO]: [ChunkHolderManager] Waiting 60s for chunk I/O to halt for world 'world_nether'
[12:47:33] [Server thread/INFO]: [ChunkHolderManager] Halted I/O scheduler for world 'world_nether'
[12:47:33] [Server thread/INFO]: Saving chunks for level 'ServerLevel[world_the_end]'/minecraft:the_end
[12:47:33] [Server thread/INFO]: [ChunkHolderManager] Waiting 60s for chunk system to halt for world 'world_the_end'
[12:47:33] [Server thread/INFO]: [ChunkHolderManager] Halted chunk system for world 'world_the_end'
[12:47:33] [Server thread/INFO]: [ChunkHolderManager] Saving all chunkholders for world 'world_the_end'
[12:47:33] [Server thread/INFO]: [ChunkHolderManager] Saved 0 block chunks, 0 entity chunks, 0 poi chunks in world 'world_the_end' in 0.00s
[12:47:33] [Server thread/INFO]: [ChunkHolderManager] Waiting 60s for chunk I/O to halt for world 'world_the_end'
[12:47:33] [Server thread/INFO]: [ChunkHolderManager] Halted I/O scheduler for world 'world_the_end'
[12:47:33] [Server thread/INFO]: ThreadedAnvilChunkStorage (world): All chunks are saved
[12:47:33] [Server thread/INFO]: ThreadedAnvilChunkStorage (DIM-1): All chunks are saved
[12:47:33] [Server thread/INFO]: ThreadedAnvilChunkStorage (DIM1): All chunks are saved
[12:47:33] [Server thread/INFO]: ThreadedAnvilChunkStorage: All dimensions are saved
[12:47:33] [Server thread/INFO]: Waiting for all RegionFile I/O tasks to complete...
[12:47:33] [Server thread/INFO]: All RegionFile I/O tasks to complete
[12:47:33] [Server thread/INFO]: [MoonriseCommon] Awaiting termination of worker pool for up to 60s...
[12:47:33] [Server thread/INFO]: [MoonriseCommon] Awaiting termination of I/O pool for up to 60s...
